<?xml version="1.0" encoding="utf-8"?><testsuites name="pytest tests"><testsuite name="pytest" errors="0" failures="0" skipped="0" tests="12" time="8.023" timestamp="2026-08-05T22:11:28.752907+00:00" hostname="agent-env-5f3ac90b-2799-42d8-9920-9256c736f7ae"><testcase classname="tests.backend_test" name="test_root" time="0.255" /><testcase classname="tests.backend_test" name="test_login_invalid" time="0.503" /><testcase classname="tests.backend_test" name="test_login_success_and_me" time="0.509" /><testcase classname="tests.backend_test" name="test_contacts_requires_auth" time="0.233" /><testcase classname="tests.backend_test" name="test_create_contact_and_persist" time="1.267" /><testcase classname="tests.backend_test" name="test_contact_email_sent_to_emergent_proxy" time="2.403" /><testcase classname="tests.backend_test" name="test_delete_contact" time="0.082" /><testcase classname="tests.backend_test" name="test_newsletter_and_duplicate" time="1.180" /><testcase classname="tests.backend_test" name="test_newsletter_list_requires_auth" time="0.288" /><testcase classname="tests.backend_test" name="test_blog_list_public" time="0.230" /><testcase classname="tests.backend_test" name="test_blog_create_update_delete" time="0.389" /><testcase classname="tests.backend_test" name="test_blog_write_requires_auth" time="0.152" /></testsuite></testsuites>