<?xml version="1.0" encoding="utf-8"?><testsuites name="pytest tests"><testsuite name="pytest" errors="0" failures="0" skipped="0" tests="12" time="12.331" timestamp="2026-08-05T21:59:14.360029+00:00" hostname="agent-env-5f3ac90b-2799-42d8-9920-9256c736f7ae"><testcase classname="tests.backend_test" name="test_root" time="0.433" /><testcase classname="tests.backend_test" name="test_login_invalid" time="0.447" /><testcase classname="tests.backend_test" name="test_login_success_and_me" time="0.421" /><testcase classname="tests.backend_test" name="test_contacts_requires_auth" time="0.210" /><testcase classname="tests.backend_test" name="test_create_contact_and_persist" time="6.144" /><testcase classname="tests.backend_test" name="test_contact_email_sent_to_emergent_proxy" time="2.800" /><testcase classname="tests.backend_test" name="test_delete_contact" time="0.062" /><testcase classname="tests.backend_test" name="test_newsletter_and_duplicate" time="0.316" /><testcase classname="tests.backend_test" name="test_newsletter_list_requires_auth" time="0.215" /><testcase classname="tests.backend_test" name="test_blog_list_public" time="0.239" /><testcase classname="tests.backend_test" name="test_blog_create_update_delete" time="0.337" /><testcase classname="tests.backend_test" name="test_blog_write_requires_auth" time="0.158" /></testsuite></testsuites>